<?xml version="1.0" encoding="UTF-8"?>
<!-- Generated by org.testng.reporters.JUnitReportReporter -->
<testsuite skipped="1" hostname="DESKTOP-88C78MG" name="org.test.mobile_app.mobile_app.App" tests="2" failures="0" timestamp="02 Jan 2019 21:17:48 GMT" time="54.755" errors="1">
  <testcase name="beforeClass" time="54.755" classname="org.test.mobile_app.mobile_app.App">
    <error type="org.openqa.selenium.WebDriverException" message="Failed to connect to binary FirefoxBinary(C:\Program Files\Mozilla Firefox\firefox.exe) on port 7055; process output follows: 
,&quot;description&quot;:&quot;McAfeeÂ® WebAdvisor&quot;,&quot;creator&quot;:null,&quot;developers&quot;:null,&quot;translators&quot;:null,&quot;contributors&quot;:null,&quot;locales&quot;:[&quot;zh-TW&quot;]},{&quot;name&quot;:&quot;McAfeeÂ® WebAdvisor&quot;,&quot;description&quot;:&quot;McAfeeÂ® WebAdvisor&quot;,&quot;creator&quot;:null,&quot;developers&quot;:null,&quot;translators&quot;:null,&quot;contributors&quot;:null,&quot;locales&quot;:[&quot;pt-BR&quot;]},{&quot;name&quot;:&quot;McAfeeÂ® WebAdvisor&quot;,&quot;description&quot;:&quot;McAfeeÂ® WebAdvisor&quot;,&quot;creator&quot;:null,&quot;developers&quot;:null,&quot;translators&quot;:null,&quot;contributors&quot;:null,&quot;locales&quot;:[&quot;da&quot;]},{&quot;name&quot;:&quot;McAfeeÂ® WebAdvisor&quot;,&quot;description&quot;:&quot;McAfeeÂ® WebAdvisor&quot;,&quot;creator&quot;:null,&quot;developers&quot;:null,&quot;translators&quot;:null,&quot;contributors&quot;:null,&quot;locales&quot;:[&quot;tr&quot;]},{&quot;name&quot;:&quot;McAfeeÂ® WebAdvisor&quot;,&quot;description&quot;:&quot;McAfeeÂ® WebAdvisor&quot;,&quot;creator&quot;:null,&quot;developers&quot;:null,&quot;translators&quot;:null,&quot;contributors&quot;:null,&quot;locales&quot;:[&quot;nl&quot;]}],&quot;targetApplications&quot;:[{&quot;id&quot;:&quot;toolkit@mozilla.org&quot;,&quot;minVersion&quot;:&quot;51.0&quot;,&quot;maxVersion&quot;:null}],&quot;targetPlatforms&quot;:[],&quot;signedState&quot;:2,&quot;seen&quot;:false,&quot;dependencies&quot;:[],&quot;hasEmbeddedWebExtension&quot;:false,&quot;userPermissions&quot;:{&quot;permissions&quot;:[&quot;tabs&quot;,&quot;downloads&quot;,&quot;nativeMessaging&quot;,&quot;webRequest&quot;,&quot;storage&quot;],&quot;origins&quot;:[&quot;&lt;all_urls&gt;&quot;,&quot;http://*/*&quot;,&quot;https://*/*&quot;]},&quot;icons&quot;:{&quot;128&quot;:&quot;images/webadvisor.png&quot;},&quot;iconURL&quot;:null,&quot;icon64URL&quot;:null,&quot;blocklistState&quot;:0,&quot;blocklistURL&quot;:null,&quot;startupData&quot;:null,&quot;hidden&quot;:false,&quot;installTelemetryInfo&quot;:{&quot;source&quot;:&quot;winreg-app-global&quot;,&quot;method&quot;:&quot;sideload&quot;},&quot;location&quot;:&quot;winreg-app-global&quot;}
1546463828067	addons.xpi-utils	DEBUG	Updating add-on states
1546463828145	addons.xpi	DEBUG	Calling bootstrap method startup on formautofill@mozilla.org version 1.0
1546463828211	addons.xpi	DEBUG	Calling bootstrap method startup on screenshots@mozilla.org version 35.0.0
1546463828212	addons.xpi	DEBUG	Calling bootstrap method startup on webcompat@mozilla.org version 3.0.0
1546463828225	addons.manager	DEBUG	Registering shutdown blocker for XPIProvider
1546463828225	addons.manager	DEBUG	Provider finished startup: XPIProvider
1546463828225	addons.manager	DEBUG	Starting provider: LightweightThemeManager
1546463828225	addons.manager	DEBUG	Registering shutdown blocker for LightweightThemeManager
1546463828227	addons.manager	DEBUG	Provider finished startup: LightweightThemeManager
1546463828228	addons.manager	DEBUG	Starting provider: GMPProvider
1546463828277	addons.manager	DEBUG	Registering shutdown blocker for GMPProvider
1546463828278	addons.manager	DEBUG	Provider finished startup: GMPProvider
1546463828278	addons.manager	DEBUG	Starting provider: PluginProvider
1546463828278	addons.manager	DEBUG	Registering shutdown blocker for PluginProvider
1546463828278	addons.manager	DEBUG	Provider finished startup: PluginProvider
1546463828298	addons.manager	DEBUG	Completed startup sequence
1546463840074	addons.repository	DEBUG	No addons.json found.
1546463849491	addons.manager	DEBUG	Registering upgrade listener for formautofill@mozilla.org
[Parent 16636, Gecko_IOThread] WARNING: pipe error: 109: file z:/build/build/src/ipc/chromium/src/chrome/common/ipc_channel_win.cc, line 346
[Child 37844, Chrome_ChildThread] WARNING: pipe error: 109: file z:/build/build/src/ipc/chromium/src/chrome/common/ipc_channel_win.cc, line 346
[Child 37844, Chrome_Ch[Parent 16636, Gecko_IOThread] WARNING: file z:/build/build/src/ipc/chromium/src/base/process_util_win.cc, line 188
1546463851110	addons.xpi	DEBUG	Ignoring file: name is not a valid add-on ID: C:\Users\swapn\AppData\Local\Temp\anonymous7920620267910379716webdriver-profile\extensions\webdriver-staging
1546463851112	addons.xpi	DEBUG	Existing add-on formautofill@mozilla.org in app-system-defaults
1546463851113	addons.xpi	DEBUG	Existing add-on screenshots@mozilla.org in app-system-defaults
1546463851114	addons.xpi	DEBUG	Existing add-on webcompat-reporter@mozilla.org in app-system-defaults
1546463851114	addons.xpi	DEBUG	Existing add-on webcompat@mozilla.org in app-system-defaults
1546463851117	addons.xpi	DEBUG	Existing add-on {4ED1F68A-5463-4931-9384-8FFF5ED91D92} in winreg-app-global
1546463851117	addons.xpi	DEBUG	scanForChanges changed: false, state: {}
JavaScript error: resource://gre/modules/addons/XPIProvider.jsm, line 2600: TypeError: addon is null

Build info: version: &#039;2.53.1&#039;, revision: &#039;a36b8b1cd5757287168e54b817830adce9b0158d&#039;, time: &#039;2016-06-30 19:26:09&#039;
System info: host: &#039;DESKTOP-88C78MG&#039;, ip: &#039;192.168.1.14&#039;, os.name: &#039;Windows 10&#039;, os.arch: &#039;amd64&#039;, os.version: &#039;10.0&#039;, java.version: &#039;1.8.0_191&#039;
Driver info: driver.version: FirefoxDriver">
      <![CDATA[org.openqa.selenium.WebDriverException: Failed to connect to binary FirefoxBinary(C:\Program Files\Mozilla Firefox\firefox.exe) on port 7055; process output follows: 
,"description":"McAfeeÂ® WebAdvisor","creator":null,"developers":null,"translators":null,"contributors":null,"locales":["zh-TW"]},{"name":"McAfeeÂ® WebAdvisor","description":"McAfeeÂ® WebAdvisor","creator":null,"developers":null,"translators":null,"contributors":null,"locales":["pt-BR"]},{"name":"McAfeeÂ® WebAdvisor","description":"McAfeeÂ® WebAdvisor","creator":null,"developers":null,"translators":null,"contributors":null,"locales":["da"]},{"name":"McAfeeÂ® WebAdvisor","description":"McAfeeÂ® WebAdvisor","creator":null,"developers":null,"translators":null,"contributors":null,"locales":["tr"]},{"name":"McAfeeÂ® WebAdvisor","description":"McAfeeÂ® WebAdvisor","creator":null,"developers":null,"translators":null,"contributors":null,"locales":["nl"]}],"targetApplications":[{"id":"toolkit@mozilla.org","minVersion":"51.0","maxVersion":null}],"targetPlatforms":[],"signedState":2,"seen":false,"dependencies":[],"hasEmbeddedWebExtension":false,"userPermissions":{"permissions":["tabs","downloads","nativeMessaging","webRequest","storage"],"origins":["<all_urls>","http://*/*","https://*/*"]},"icons":{"128":"images/webadvisor.png"},"iconURL":null,"icon64URL":null,"blocklistState":0,"blocklistURL":null,"startupData":null,"hidden":false,"installTelemetryInfo":{"source":"winreg-app-global","method":"sideload"},"location":"winreg-app-global"}
1546463828067addons.xpi-utilsDEBUGUpdating add-on states
1546463828145addons.xpiDEBUGCalling bootstrap method startup on formautofill@mozilla.org version 1.0
1546463828211addons.xpiDEBUGCalling bootstrap method startup on screenshots@mozilla.org version 35.0.0
1546463828212addons.xpiDEBUGCalling bootstrap method startup on webcompat@mozilla.org version 3.0.0
1546463828225addons.managerDEBUGRegistering shutdown blocker for XPIProvider
1546463828225addons.managerDEBUGProvider finished startup: XPIProvider
1546463828225addons.managerDEBUGStarting provider: LightweightThemeManager
1546463828225addons.managerDEBUGRegistering shutdown blocker for LightweightThemeManager
1546463828227addons.managerDEBUGProvider finished startup: LightweightThemeManager
1546463828228addons.managerDEBUGStarting provider: GMPProvider
1546463828277addons.managerDEBUGRegistering shutdown blocker for GMPProvider
1546463828278addons.managerDEBUGProvider finished startup: GMPProvider
1546463828278addons.managerDEBUGStarting provider: PluginProvider
1546463828278addons.managerDEBUGRegistering shutdown blocker for PluginProvider
1546463828278addons.managerDEBUGProvider finished startup: PluginProvider
1546463828298addons.managerDEBUGCompleted startup sequence
1546463840074addons.repositoryDEBUGNo addons.json found.
1546463849491addons.managerDEBUGRegistering upgrade listener for formautofill@mozilla.org
[Parent 16636, Gecko_IOThread] WARNING: pipe error: 109: file z:/build/build/src/ipc/chromium/src/chrome/common/ipc_channel_win.cc, line 346
[Child 37844, Chrome_ChildThread] WARNING: pipe error: 109: file z:/build/build/src/ipc/chromium/src/chrome/common/ipc_channel_win.cc, line 346
[Child 37844, Chrome_Ch[Parent 16636, Gecko_IOThread] WARNING: file z:/build/build/src/ipc/chromium/src/base/process_util_win.cc, line 188
1546463851110addons.xpiDEBUGIgnoring file: name is not a valid add-on ID: C:\Users\swapn\AppData\Local\Temp\anonymous7920620267910379716webdriver-profile\extensions\webdriver-staging
1546463851112addons.xpiDEBUGExisting add-on formautofill@mozilla.org in app-system-defaults
1546463851113addons.xpiDEBUGExisting add-on screenshots@mozilla.org in app-system-defaults
1546463851114addons.xpiDEBUGExisting add-on webcompat-reporter@mozilla.org in app-system-defaults
1546463851114addons.xpiDEBUGExisting add-on webcompat@mozilla.org in app-system-defaults
1546463851117addons.xpiDEBUGExisting add-on {4ED1F68A-5463-4931-9384-8FFF5ED91D92} in winreg-app-global
1546463851117addons.xpiDEBUGscanForChanges changed: false, state: {}
JavaScript error: resource://gre/modules/addons/XPIProvider.jsm, line 2600: TypeError: addon is null

Build info: version: '2.53.1', revision: 'a36b8b1cd5757287168e54b817830adce9b0158d', time: '2016-06-30 19:26:09'
System info: host: 'DESKTOP-88C78MG', ip: '192.168.1.14', os.name: 'Windows 10', os.arch: 'amd64', os.version: '10.0', java.version: '1.8.0_191'
Driver info: driver.version: FirefoxDriver
at org.openqa.selenium.firefox.internal.NewProfileExtensionConnection.start(NewProfileExtensionConnection.java:125)
at org.openqa.selenium.firefox.FirefoxDriver.startClient(FirefoxDriver.java:271)
at org.openqa.selenium.remote.RemoteWebDriver.<init>(RemoteWebDriver.java:119)
at org.openqa.selenium.firefox.FirefoxDriver.<init>(FirefoxDriver.java:216)
at org.openqa.selenium.firefox.FirefoxDriver.<init>(FirefoxDriver.java:211)
at org.openqa.selenium.firefox.FirefoxDriver.<init>(FirefoxDriver.java:207)
at org.openqa.selenium.firefox.FirefoxDriver.<init>(FirefoxDriver.java:120)
at org.test.mobile_app.mobile_app.App.beforeClass(App.java:27)
at sun.reflect.NativeMethodAccessorImpl.invoke0(Native Method)
at sun.reflect.NativeMethodAccessorImpl.invoke(Unknown Source)
at sun.reflect.DelegatingMethodAccessorImpl.invoke(Unknown Source)
at java.lang.reflect.Method.invoke(Unknown Source)
at org.testng.internal.MethodInvocationHelper.invokeMethod(MethodInvocationHelper.java:124)
at org.testng.internal.MethodInvocationHelper.invokeMethodConsideringTimeout(MethodInvocationHelper.java:59)
at org.testng.internal.Invoker.invokeConfigurationMethod(Invoker.java:455)
at org.testng.internal.Invoker.invokeConfigurations(Invoker.java:222)
at org.testng.internal.Invoker.invokeConfigurations(Invoker.java:142)
at org.testng.internal.TestMethodWorker.invokeBeforeClassMethods(TestMethodWorker.java:168)
at org.testng.internal.TestMethodWorker.run(TestMethodWorker.java:105)
at org.testng.TestRunner.privateRun(TestRunner.java:648)
at org.testng.TestRunner.run(TestRunner.java:505)
at org.testng.SuiteRunner.runTest(SuiteRunner.java:455)
at org.testng.SuiteRunner.runSequentially(SuiteRunner.java:450)
at org.testng.SuiteRunner.privateRun(SuiteRunner.java:415)
at org.testng.SuiteRunner.run(SuiteRunner.java:364)
at org.testng.SuiteRunnerWorker.runSuite(SuiteRunnerWorker.java:52)
at org.testng.SuiteRunnerWorker.run(SuiteRunnerWorker.java:84)
at org.testng.TestNG.runSuitesSequentially(TestNG.java:1208)
at org.testng.TestNG.runSuitesLocally(TestNG.java:1137)
at org.testng.TestNG.runSuites(TestNG.java:1049)
at org.testng.TestNG.run(TestNG.java:1017)
at org.testng.remote.AbstractRemoteTestNG.run(AbstractRemoteTestNG.java:114)
at org.testng.remote.RemoteTestNG.initAndRun(RemoteTestNG.java:251)
at org.testng.remote.RemoteTestNG.main(RemoteTestNG.java:77)
Caused by: org.openqa.selenium.firefox.NotConnectedException: Unable to connect to host 127.0.0.1 on port 7055 after 45000 ms. Firefox console output:
,"description":"McAfeeÂ® WebAdvisor","creator":null,"developers":null,"translators":null,"contributors":null,"locales":["zh-TW"]},{"name":"McAfeeÂ® WebAdvisor","description":"McAfeeÂ® WebAdvisor","creator":null,"developers":null,"translators":null,"contributors":null,"locales":["pt-BR"]},{"name":"McAfeeÂ® WebAdvisor","description":"McAfeeÂ® WebAdvisor","creator":null,"developers":null,"translators":null,"contributors":null,"locales":["da"]},{"name":"McAfeeÂ® WebAdvisor","description":"McAfeeÂ® WebAdvisor","creator":null,"developers":null,"translators":null,"contributors":null,"locales":["tr"]},{"name":"McAfeeÂ® WebAdvisor","description":"McAfeeÂ® WebAdvisor","creator":null,"developers":null,"translators":null,"contributors":null,"locales":["nl"]}],"targetApplications":[{"id":"toolkit@mozilla.org","minVersion":"51.0","maxVersion":null}],"targetPlatforms":[],"signedState":2,"seen":false,"dependencies":[],"hasEmbeddedWebExtension":false,"userPermissions":{"permissions":["tabs","downloads","nativeMessaging","webRequest","storage"],"origins":["<all_urls>","http://*/*","https://*/*"]},"icons":{"128":"images/webadvisor.png"},"iconURL":null,"icon64URL":null,"blocklistState":0,"blocklistURL":null,"startupData":null,"hidden":false,"installTelemetryInfo":{"source":"winreg-app-global","method":"sideload"},"location":"winreg-app-global"}
1546463828067addons.xpi-utilsDEBUGUpdating add-on states
1546463828145addons.xpiDEBUGCalling bootstrap method startup on formautofill@mozilla.org version 1.0
1546463828211addons.xpiDEBUGCalling bootstrap method startup on screenshots@mozilla.org version 35.0.0
1546463828212addons.xpiDEBUGCalling bootstrap method startup on webcompat@mozilla.org version 3.0.0
1546463828225addons.managerDEBUGRegistering shutdown blocker for XPIProvider
1546463828225addons.managerDEBUGProvider finished startup: XPIProvider
1546463828225addons.managerDEBUGStarting provider: LightweightThemeManager
1546463828225addons.managerDEBUGRegistering shutdown blocker for LightweightThemeManager
1546463828227addons.managerDEBUGProvider finished startup: LightweightThemeManager
1546463828228addons.managerDEBUGStarting provider: GMPProvider
1546463828277addons.managerDEBUGRegistering shutdown blocker for GMPProvider
1546463828278addons.managerDEBUGProvider finished startup: GMPProvider
1546463828278addons.managerDEBUGStarting provider: PluginProvider
1546463828278addons.managerDEBUGRegistering shutdown blocker for PluginProvider
1546463828278addons.managerDEBUGProvider finished startup: PluginProvider
1546463828298addons.managerDEBUGCompleted startup sequence
1546463840074addons.repositoryDEBUGNo addons.json found.
1546463849491addons.managerDEBUGRegistering upgrade listener for formautofill@mozilla.org
[Parent 16636, Gecko_IOThread] WARNING: pipe error: 109: file z:/build/build/src/ipc/chromium/src/chrome/common/ipc_channel_win.cc, line 346
[Child 37844, Chrome_ChildThread] WARNING: pipe error: 109: file z:/build/build/src/ipc/chromium/src/chrome/common/ipc_channel_win.cc, line 346
[Child 37844, Chrome_Ch[Parent 16636, Gecko_IOThread] WARNING: file z:/build/build/src/ipc/chromium/src/base/process_util_win.cc, line 188
1546463851110addons.xpiDEBUGIgnoring file: name is not a valid add-on ID: C:\Users\swapn\AppData\Local\Temp\anonymous7920620267910379716webdriver-profile\extensions\webdriver-staging
1546463851112addons.xpiDEBUGExisting add-on formautofill@mozilla.org in app-system-defaults
1546463851113addons.xpiDEBUGExisting add-on screenshots@mozilla.org in app-system-defaults
1546463851114addons.xpiDEBUGExisting add-on webcompat-reporter@mozilla.org in app-system-defaults
1546463851114addons.xpiDEBUGExisting add-on webcompat@mozilla.org in app-system-defaults
1546463851117addons.xpiDEBUGExisting add-on {4ED1F68A-5463-4931-9384-8FFF5ED91D92} in winreg-app-global
1546463851117addons.xpiDEBUGscanForChanges changed: false, state: {}
JavaScript error: resource://gre/modules/addons/XPIProvider.jsm, line 2600: TypeError: addon is null

at org.openqa.selenium.firefox.internal.NewProfileExtensionConnection.start(NewProfileExtensionConnection.java:113)
... 33 more
]]>
    </error>
  </testcase> <!-- beforeClass -->
  <testcase name="verifySearchButton" time="0.000" classname="org.test.mobile_app.mobile_app.App">
    <skipped/>
  </testcase> <!-- verifySearchButton -->
</testsuite> <!-- org.test.mobile_app.mobile_app.App -->
